{"name": "Успешный логин", "status": "broken", "statusDetails": {"message": "selenium.common.exceptions.SessionNotCreatedException: Message: session not created: This version of ChromeDriver only supports Chrome version 114\nCurrent browser version is 120.0.6099.129 with binary path C:\\Users\\Айнур\\AppData\\Local\\Chromium\\Application\\chrome.exe; For documentation on this error, please visit: https://www.selenium.dev/documentation/webdriver/troubleshooting/errors#sessionnotcreatedexception\nStacktrace:\nBacktrace:\n\tGetHandleVerifier [0x006EA813+48355]\n\t(No symbol) [0x0067C4B1]\n\t(No symbol) [0x00585358]\n\t(No symbol) [0x005A61AC]\n\t(No symbol) [0x005A1EF3]\n\t(No symbol) [0x005A0579]\n\t(No symbol) [0x005D0C55]\n\t(No symbol) [0x005D093C]\n\t(No symbol) [0x005CA536]\n\t(No symbol) [0x005A82DC]\n\t(No symbol) [0x005A93DD]\n\tGetHandleVerifier [0x0094AABD+2539405]\n\tGetHandleVerifier [0x0098A78F+2800735]\n\tGetHandleVerifier [0x0098456C+2775612]\n\tGetHandleVerifier [0x007751E0+616112]\n\t(No symbol) [0x00685F8C]\n\t(No symbol) [0x00682328]\n\t(No symbol) [0x0068240B]\n\t(No symbol) [0x00674FF7]\n\tBaseThreadInitThunk [0x76DFFCC9+25]\n\tRtlGetAppContainerNamedObjectPath [0x76F482AE+286]\n\tRtlGetAppContainerNamedObjectPath [0x76F4827E+238]", "trace": "@pytest.fixture\n    def driver():\n        options = Options()\n        # options.add_argument(\"--headless\") # Включишь для Docker\n    \n        service = Service(ChromeDriverManager().install())\n>       driver = webdriver.Chrome(service=service, options=options)\n                 ^^^^^^^^^^^^^^^^^^^^^^^^^^^^^^^^^^^^^^^^^^^^^^^^^^\n\nconftest.py:13: \n_ _ _ _ _ _ _ _ _ _ _ _ _ _ _ _ _ _ _ _ _ _ _ _ _ _ _ _ _ _ _ _ _ _ _ _ _ _ _ _\n..\\AppData\\Roaming\\Python\\Python314\\site-packages\\selenium\\webdriver\\chrome\\webdriver.py:45: in __init__\n    super().__init__(\n..\\AppData\\Roaming\\Python\\Python314\\site-packages\\selenium\\webdriver\\chromium\\webdriver.py:66: in __init__\n    super().__init__(command_executor=executor, options=self.options)\n..\\AppData\\Roaming\\Python\\Python314\\site-packages\\selenium\\webdriver\\common\\webdriver.py:25: in __init__\n    super().__init__(*args, **kwargs)\n..\\AppData\\Roaming\\Python\\Python314\\site-packages\\selenium\\webdriver\\remote\\webdriver.py:257: in __init__\n    self.start_session(capabilities)\n..\\AppData\\Roaming\\Python\\Python314\\site-packages\\selenium\\webdriver\\remote\\webdriver.py:352: in start_session\n    response = self.execute(Command.NEW_SESSION, caps)[\"value\"]\n               ^^^^^^^^^^^^^^^^^^^^^^^^^^^^^^^^^^^^^^^\n..\\AppData\\Roaming\\Python\\Python314\\site-packages\\selenium\\webdriver\\remote\\webdriver.py:432: in execute\n    self.error_handler.check_response(response)\n_ _ _ _ _ _ _ _ _ _ _ _ _ _ _ _ _ _ _ _ _ _ _ _ _ _ _ _ _ _ _ _ _ _ _ _ _ _ _ _\n\nself = <selenium.webdriver.remote.errorhandler.ErrorHandler object at 0x000001F81A4C8C20>\nresponse = {'status': 500, 'value': '{\"value\":{\"error\":\"session not created\",\"message\":\"session not created: This version of Chro...\\n\\\\tRtlGetAppContainerNamedObjectPath [0x76F482AE+286]\\\\n\\\\tRtlGetAppContainerNamedObjectPath [0x76F4827E+238]\\\\n\"}}'}\n\n    def check_response(self, response: dict[str, Any]) -> None:\n        \"\"\"Check that a JSON response from the WebDriver does not have an error.\n    \n        Args:\n            response: The JSON response from the WebDriver server as a dictionary\n                object.\n    \n        Raises:\n            WebDriverException: If the response contains an error message.\n        \"\"\"\n        status = response.get(\"status\", None)\n        if not status or status == ErrorCode.SUCCESS:\n            return\n        value = None\n        message = response.get(\"message\", \"\")\n        screen: str = response.get(\"screen\", \"\")\n        stacktrace = None\n        if isinstance(status, int):\n            value_json = response.get(\"value\", None)\n            if value_json and isinstance(value_json, str):\n                try:\n                    value = json.loads(value_json)\n                    if isinstance(value, dict):\n                        if len(value) == 1:\n                            value = value[\"value\"]\n                        status = value.get(\"error\", None)\n                        if not status:\n                            status = value.get(\"status\", ErrorCode.UNKNOWN_ERROR)\n                            message = value.get(\"value\") or value.get(\"message\")\n                            if not isinstance(message, str):\n                                value = message\n                                message = message.get(\"message\") if isinstance(message, dict) else None\n                        else:\n                            message = value.get(\"message\", None)\n                except ValueError:\n                    pass\n    \n        exception_class: type[WebDriverException]\n        e = ErrorCode()\n        error_codes = [item for item in dir(e) if not item.startswith(\"__\")]\n        for error_code in error_codes:\n            error_info = getattr(ErrorCode, error_code)\n            if isinstance(error_info, list) and status in error_info:\n                exception_class = getattr(ExceptionMapping, error_code, WebDriverException)\n                break\n        else:\n            exception_class = WebDriverException\n    \n        if not value:\n            value = response[\"value\"]\n        if isinstance(value, str):\n            raise exception_class(value)\n        if message == \"\" and \"message\" in value:\n            message = value[\"message\"]\n    \n        screen = None  # type: ignore[assignment]\n        if \"screen\" in value:\n            screen = value[\"screen\"]\n    \n        stacktrace = None\n        st_value = value.get(\"stackTrace\") or value.get(\"stacktrace\")\n        if st_value:\n            if isinstance(st_value, str):\n                stacktrace = st_value.split(\"\\n\")\n            else:\n                stacktrace = []\n                try:\n                    for frame in st_value:\n                        line = frame.get(\"lineNumber\", \"\")\n                        file = frame.get(\"fileName\", \"<anonymous>\")\n                        if line:\n                            file = f\"{file}:{line}\"\n                        meth = frame.get(\"methodName\", \"<anonymous>\")\n                        if \"className\" in frame:\n                            meth = f\"{frame['className']}.{meth}\"\n                        msg = \"    at %s (%s)\"\n                        msg = msg % (meth, file)\n                        stacktrace.append(msg)\n                except TypeError:\n                    pass\n        if exception_class == UnexpectedAlertPresentException:\n            alert_text = None\n            if \"data\" in value:\n                alert_text = value[\"data\"].get(\"text\")\n            elif \"alert\" in value:\n                alert_text = value[\"alert\"].get(\"text\")\n            raise exception_class(message, screen, stacktrace, alert_text)  # type: ignore[call-arg]  # mypy is not smart enough here\n>       raise exception_class(message, screen, stacktrace)\nE       selenium.common.exceptions.SessionNotCreatedException: Message: session not created: This version of ChromeDriver only supports Chrome version 114\nE       Current browser version is 120.0.6099.129 with binary path C:\\Users\\Айнур\\AppData\\Local\\Chromium\\Application\\chrome.exe; For documentation on this error, please visit: https://www.selenium.dev/documentation/webdriver/troubleshooting/errors#sessionnotcreatedexception\nE       Stacktrace:\nE       Backtrace:\nE       \tGetHandleVerifier [0x006EA813+48355]\nE       \t(No symbol) [0x0067C4B1]\nE       \t(No symbol) [0x00585358]\nE       \t(No symbol) [0x005A61AC]\nE       \t(No symbol) [0x005A1EF3]\nE       \t(No symbol) [0x005A0579]\nE       \t(No symbol) [0x005D0C55]\nE       \t(No symbol) [0x005D093C]\nE       \t(No symbol) [0x005CA536]\nE       \t(No symbol) [0x005A82DC]\nE       \t(No symbol) [0x005A93DD]\nE       \tGetHandleVerifier [0x0094AABD+2539405]\nE       \tGetHandleVerifier [0x0098A78F+2800735]\nE       \tGetHandleVerifier [0x0098456C+2775612]\nE       \tGetHandleVerifier [0x007751E0+616112]\nE       \t(No symbol) [0x00685F8C]\nE       \t(No symbol) [0x00682328]\nE       \t(No symbol) [0x0068240B]\nE       \t(No symbol) [0x00674FF7]\nE       \tBaseThreadInitThunk [0x76DFFCC9+25]\nE       \tRtlGetAppContainerNamedObjectPath [0x76F482AE+286]\nE       \tRtlGetAppContainerNamedObjectPath [0x76F4827E+238]\n\n..\\AppData\\Roaming\\Python\\Python314\\site-packages\\selenium\\webdriver\\remote\\errorhandler.py:232: SessionNotCreatedException"}, "start": 1769864592375, "stop": 1769864592375, "uuid": "6c9d863a-5965-486c-9ab7-b8ae89a6d232", "historyId": "5abbf280aad7a00a9f35c64e7ab86cad", "testCaseId": "5abbf280aad7a00a9f35c64e7ab86cad", "fullName": "tests.test_login.TestLogin#test_success_login", "labels": [{"name": "feature", "value": "Авторизация"}, {"name": "parentSuite", "value": "tests"}, {"name": "suite", "value": "test_login"}, {"name": "subSuite", "value": "TestLogin"}, {"name": "host", "value": "DESKTOP-GHQ8797"}, {"name": "thread", "value": "1280-MainThread"}, {"name": "framework", "value": "pytest"}, {"name": "language", "value": "cpython3"}, {"name": "package", "value": "tests.test_login"}], "titlePath": ["tests", "test_login.py", "TestLogin"]}